23-Jul-2021 15:45:32.468 INFO [main] org.apache.catalina.core.ApplicationContext.log ContextListener: contextInitialized()
23-Jul-2021 15:45:32.468 INFO [main] org.apache.catalina.core.ApplicationContext.log SessionListener: contextInitialized()
23-Jul-2021 15:45:32.468 INFO [main] org.apache.catalina.core.ApplicationContext.log ContextListener: attributeAdded('StockTicker', 'async.Stockticker@75e4fe3c')
23-Jul-2021 16:06:40.696 INFO [main] org.apache.catalina.core.ApplicationContext.log SessionListener: contextDestroyed()
23-Jul-2021 16:06:40.696 INFO [main] org.apache.catalina.core.ApplicationContext.log ContextListener: contextDestroyed()
23-Jul-2021 16:07:03.514 INFO [main] org.apache.catalina.core.ApplicationContext.log ContextListener: contextInitialized()
23-Jul-2021 16:07:03.515 INFO [main] org.apache.catalina.core.ApplicationContext.log SessionListener: contextInitialized()
23-Jul-2021 16:07:03.518 INFO [main] org.apache.catalina.core.ApplicationContext.log ContextListener: attributeAdded('StockTicker', 'async.Stockticker@6f51d1cc')
23-Jul-2021 16:08:22.190 INFO [main] org.apache.catalina.core.ApplicationContext.log SessionListener: contextDestroyed()
23-Jul-2021 16:08:22.190 INFO [main] org.apache.catalina.core.ApplicationContext.log ContextListener: contextDestroyed()
23-Jul-2021 16:08:55.691 INFO [main] org.apache.catalina.core.ApplicationContext.log ContextListener: contextInitialized()
23-Jul-2021 16:08:55.691 INFO [main] org.apache.catalina.core.ApplicationContext.log SessionListener: contextInitialized()
23-Jul-2021 16:08:55.691 INFO [main] org.apache.catalina.core.ApplicationContext.log ContextListener: attributeAdded('StockTicker', 'async.Stockticker@94b5fe3')
23-Jul-2021 16:13:14.201 INFO [main] org.apache.catalina.core.ApplicationContext.log SessionListener: contextDestroyed()
23-Jul-2021 16:13:14.201 INFO [main] org.apache.catalina.core.ApplicationContext.log ContextListener: contextDestroyed()
23-Jul-2021 16:58:33.676 INFO [main] org.apache.catalina.core.ApplicationContext.log ContextListener: contextInitialized()
23-Jul-2021 16:58:33.676 INFO [main] org.apache.catalina.core.ApplicationContext.log SessionListener: contextInitialized()
23-Jul-2021 16:58:33.676 INFO [main] org.apache.catalina.core.ApplicationContext.log ContextListener: attributeAdded('StockTicker', 'async.Stockticker@63d43a5')
23-Jul-2021 17:01:34.355 INFO [1] org.apache.catalina.core.ApplicationContext.log SessionListener: contextDestroyed()
23-Jul-2021 17:01:34.355 INFO [1] org.apache.catalina.core.ApplicationContext.log ContextListener: contextDestroyed()
23-Jul-2021 17:03:42.924 INFO [main] org.apache.catalina.core.ApplicationContext.log ContextListener: contextInitialized()
23-Jul-2021 17:03:42.924 INFO [main] org.apache.catalina.core.ApplicationContext.log SessionListener: contextInitialized()
23-Jul-2021 17:03:42.924 INFO [main] org.apache.catalina.core.ApplicationContext.log ContextListener: attributeAdded('StockTicker', 'async.Stockticker@513ddf5f')
23-Jul-2021 17:05:45.316 INFO [main] org.apache.catalina.core.ApplicationContext.log SessionListener: contextDestroyed()
23-Jul-2021 17:05:45.316 INFO [main] org.apache.catalina.core.ApplicationContext.log ContextListener: contextDestroyed()
23-Jul-2021 17:08:50.583 INFO [main] org.apache.catalina.core.ApplicationContext.log ContextListener: contextInitialized()
23-Jul-2021 17:08:50.583 INFO [main] org.apache.catalina.core.ApplicationContext.log SessionListener: contextInitialized()
23-Jul-2021 17:08:50.583 INFO [main] org.apache.catalina.core.ApplicationContext.log ContextListener: attributeAdded('StockTicker', 'async.Stockticker@4e00723b')
23-Jul-2021 17:12:54.637 INFO [main] org.apache.catalina.core.ApplicationContext.log SessionListener: contextDestroyed()
23-Jul-2021 17:12:54.637 INFO [main] org.apache.catalina.core.ApplicationContext.log ContextListener: contextDestroyed()
23-Jul-2021 17:16:22.323 INFO [main] org.apache.catalina.core.ApplicationContext.log ContextListener: contextInitialized()
23-Jul-2021 17:16:22.323 INFO [main] org.apache.catalina.core.ApplicationContext.log SessionListener: contextInitialized()
23-Jul-2021 17:16:22.323 INFO [main] org.apache.catalina.core.ApplicationContext.log ContextListener: attributeAdded('StockTicker', 'async.Stockticker@7ec729be')
23-Jul-2021 17:16:56.838 INFO [main] org.apache.catalina.core.ApplicationContext.log SessionListener: contextDestroyed()
23-Jul-2021 17:16:56.838 INFO [main] org.apache.catalina.core.ApplicationContext.log ContextListener: contextDestroyed()
23-Jul-2021 17:17:09.851 INFO [main] org.apache.catalina.core.ApplicationContext.log ContextListener: contextInitialized()
23-Jul-2021 17:17:09.852 INFO [main] org.apache.catalina.core.ApplicationContext.log SessionListener: contextInitialized()
23-Jul-2021 17:17:09.854 INFO [main] org.apache.catalina.core.ApplicationContext.log ContextListener: attributeAdded('StockTicker', 'async.Stockticker@2c8f7d6a')
23-Jul-2021 17:23:18.224 INFO [main] org.apache.catalina.core.ApplicationContext.log SessionListener: contextDestroyed()
23-Jul-2021 17:23:18.224 INFO [main] org.apache.catalina.core.ApplicationContext.log ContextListener: contextDestroyed()
